DEBUG|14312564285600|1|STATIC-INIT-START|||simplejavacalculator.Calculator|simplejavacalculator.Calculator
DEBUG|14312565556600|1|STATIC-INIT-FINISH |||simplejavacalculator.Calculator|simplejavacalculator.Calculator
DEBUG|14312565930200|1|STATIC-INIT-START|||simplejavacalculator.Calculator$BiOperatorModes|simplejavacalculator.Calculator.BiOperatorModes
DEBUG|14312566045000|1|STATIC-INIT-FINISH |||simplejavacalculator.Calculator$BiOperatorModes|simplejavacalculator.Calculator.BiOperatorModes
DEBUG|14312566287000|1|METHOD-START|calculateBi|simplejavacalculator.Calculator$BiOperatorModes-java.lang.Double|simplejavacalculator.Calculator|simplejavacalculator.Calculator
DEBUG|14312566355500|1|METHOD-FINISH|calculateBi|simplejavacalculator.Calculator$BiOperatorModes-java.lang.Double|simplejavacalculator.Calculator|simplejavacalculator.Calculator
DEBUG|14312566408500|1|METHOD-START|calculateBi|simplejavacalculator.Calculator$BiOperatorModes-java.lang.Double|simplejavacalculator.Calculator|simplejavacalculator.Calculator
DEBUG|14312566461700|1|METHOD-START|calculateBiImpl||simplejavacalculator.Calculator|simplejavacalculator.Calculator
DEBUG|14312566564000|1|METHOD-START|minus|java.lang.Double-java.lang.Double|simplejavacalculator.Calculator|simplejavacalculator.Calculator
DEBUG|14312566644400|1|METHOD-FINISH|minus|java.lang.Double-java.lang.Double|simplejavacalculator.Calculator|simplejavacalculator.Calculator
DEBUG|14312566699900|1|METHOD-FINISH|calculateBiImpl||simplejavacalculator.Calculator|simplejavacalculator.Calculator
DEBUG|14312566772100|1|METHOD-FINISH|calculateBi|simplejavacalculator.Calculator$BiOperatorModes-java.lang.Double|simplejavacalculator.Calculator|simplejavacalculator.Calculator
DEBUG|14312568598900|1|METHOD-START|reset||simplejavacalculator.Calculator|simplejavacalculator.Calculator
DEBUG|14312568663600|1|METHOD-FINISH|reset||simplejavacalculator.Calculator|simplejavacalculator.Calculator
DEBUG|14312568723300|1|METHOD-START|calculateBi|simplejavacalculator.Calculator$BiOperatorModes-java.lang.Double|simplejavacalculator.Calculator|simplejavacalculator.Calculator
DEBUG|14312568777300|1|METHOD-FINISH|calculateBi|simplejavacalculator.Calculator$BiOperatorModes-java.lang.Double|simplejavacalculator.Calculator|simplejavacalculator.Calculator
DEBUG|14312568845800|1|METHOD-START|calculateBi|simplejavacalculator.Calculator$BiOperatorModes-java.lang.Double|simplejavacalculator.Calculator|simplejavacalculator.Calculator
DEBUG|14312568883100|1|METHOD-START|calculateBiImpl||simplejavacalculator.Calculator|simplejavacalculator.Calculator
DEBUG|14312568989600|1|METHOD-START|mutiple|java.lang.Double-java.lang.Double|simplejavacalculator.Calculator|simplejavacalculator.Calculator
DEBUG|14312569051200|1|METHOD-START|oneDevideBy|java.lang.Double|simplejavacalculator.Calculator|simplejavacalculator.Calculator
DEBUG|14312569186000|1|METHOD-FINISH|oneDevideBy|java.lang.Double|simplejavacalculator.Calculator|simplejavacalculator.Calculator
DEBUG|14312569346500|1|METHOD-START|divide|java.lang.Double-java.lang.Double|simplejavacalculator.Calculator|simplejavacalculator.Calculator
DEBUG|14312569407000|1|METHOD-FINISH|divide|java.lang.Double-java.lang.Double|simplejavacalculator.Calculator|simplejavacalculator.Calculator
DEBUG|14312569471500|1|METHOD-FINISH|mutiple|java.lang.Double-java.lang.Double|simplejavacalculator.Calculator|simplejavacalculator.Calculator
DEBUG|14312569514800|1|METHOD-FINISH|calculateBiImpl||simplejavacalculator.Calculator|simplejavacalculator.Calculator
DEBUG|14312569556400|1|METHOD-FINISH|calculateBi|simplejavacalculator.Calculator$BiOperatorModes-java.lang.Double|simplejavacalculator.Calculator|simplejavacalculator.Calculator
DEBUG|14312569613700|1|METHOD-START|calculateBi|simplejavacalculator.Calculator$BiOperatorModes-java.lang.Double|simplejavacalculator.Calculator|simplejavacalculator.Calculator
DEBUG|14312569646300|1|METHOD-START|calculateBiImpl||simplejavacalculator.Calculator|simplejavacalculator.Calculator
DEBUG|14312569699500|1|METHOD-START|mutiple|java.lang.Double-java.lang.Double|simplejavacalculator.Calculator|simplejavacalculator.Calculator
DEBUG|14312569743900|1|METHOD-START|oneDevideBy|java.lang.Double|simplejavacalculator.Calculator|simplejavacalculator.Calculator
DEBUG|14312569782500|1|METHOD-FINISH|oneDevideBy|java.lang.Double|simplejavacalculator.Calculator|simplejavacalculator.Calculator
DEBUG|14312569821600|1|METHOD-START|divide|java.lang.Double-java.lang.Double|simplejavacalculator.Calculator|simplejavacalculator.Calculator
DEBUG|14312569873100|1|METHOD-FINISH|divide|java.lang.Double-java.lang.Double|simplejavacalculator.Calculator|simplejavacalculator.Calculator
DEBUG|14312569921600|1|METHOD-FINISH|mutiple|java.lang.Double-java.lang.Double|simplejavacalculator.Calculator|simplejavacalculator.Calculator
DEBUG|14312569956400|1|METHOD-FINISH|calculateBiImpl||simplejavacalculator.Calculator|simplejavacalculator.Calculator
DEBUG|14312569993400|1|METHOD-FINISH|calculateBi|simplejavacalculator.Calculator$BiOperatorModes-java.lang.Double|simplejavacalculator.Calculator|simplejavacalculator.Calculator
DEBUG|14312570802400|1|METHOD-START|calculateBi|simplejavacalculator.Calculator$BiOperatorModes-java.lang.Double|simplejavacalculator.Calculator|simplejavacalculator.Calculator
DEBUG|14312570880500|1|METHOD-FINISH|calculateBi|simplejavacalculator.Calculator$BiOperatorModes-java.lang.Double|simplejavacalculator.Calculator|simplejavacalculator.Calculator
DEBUG|14312570926700|1|METHOD-START|calculateBi|simplejavacalculator.Calculator$BiOperatorModes-java.lang.Double|simplejavacalculator.Calculator|simplejavacalculator.Calculator
DEBUG|14312570962000|1|METHOD-START|calculateBiImpl||simplejavacalculator.Calculator|simplejavacalculator.Calculator
DEBUG|14312571008900|1|METHOD-START|divide|java.lang.Double-java.lang.Double|simplejavacalculator.Calculator|simplejavacalculator.Calculator
DEBUG|14312571060600|1|METHOD-FINISH|divide|java.lang.Double-java.lang.Double|simplejavacalculator.Calculator|simplejavacalculator.Calculator
DEBUG|14312571093600|1|METHOD-FINISH|calculateBiImpl||simplejavacalculator.Calculator|simplejavacalculator.Calculator
DEBUG|14312571134200|1|METHOD-FINISH|calculateBi|simplejavacalculator.Calculator$BiOperatorModes-java.lang.Double|simplejavacalculator.Calculator|simplejavacalculator.Calculator
DEBUG|14312571177300|1|METHOD-START|calculateBi|simplejavacalculator.Calculator$BiOperatorModes-java.lang.Double|simplejavacalculator.Calculator|simplejavacalculator.Calculator
DEBUG|14312571212900|1|METHOD-START|calculateBiImpl||simplejavacalculator.Calculator|simplejavacalculator.Calculator
DEBUG|14312571250800|1|METHOD-START|divide|java.lang.Double-java.lang.Double|simplejavacalculator.Calculator|simplejavacalculator.Calculator
DEBUG|14312571296500|1|METHOD-FINISH|divide|java.lang.Double-java.lang.Double|simplejavacalculator.Calculator|simplejavacalculator.Calculator
DEBUG|14312571332300|1|METHOD-FINISH|calculateBiImpl||simplejavacalculator.Calculator|simplejavacalculator.Calculator
DEBUG|14312571366700|1|METHOD-FINISH|calculateBi|simplejavacalculator.Calculator$BiOperatorModes-java.lang.Double|simplejavacalculator.Calculator|simplejavacalculator.Calculator
DEBUG|14312572086300|1|METHOD-START|calculateBi|simplejavacalculator.Calculator$BiOperatorModes-java.lang.Double|simplejavacalculator.Calculator|simplejavacalculator.Calculator
DEBUG|14312572142400|1|METHOD-FINISH|calculateBi|simplejavacalculator.Calculator$BiOperatorModes-java.lang.Double|simplejavacalculator.Calculator|simplejavacalculator.Calculator
DEBUG|14312572184800|1|METHOD-START|calculateBi|simplejavacalculator.Calculator$BiOperatorModes-java.lang.Double|simplejavacalculator.Calculator|simplejavacalculator.Calculator
DEBUG|14312572218600|1|METHOD-START|calculateBiImpl||simplejavacalculator.Calculator|simplejavacalculator.Calculator
DEBUG|14312572282200|1|METHOD-START|add|java.lang.Double-java.lang.Double|simplejavacalculator.Calculator|simplejavacalculator.Calculator
DEBUG|14312572327800|1|METHOD-FINISH|add|java.lang.Double-java.lang.Double|simplejavacalculator.Calculator|simplejavacalculator.Calculator
DEBUG|14312572363200|1|METHOD-FINISH|calculateBiImpl||simplejavacalculator.Calculator|simplejavacalculator.Calculator
DEBUG|14312572469100|1|METHOD-FINISH|calculateBi|simplejavacalculator.Calculator$BiOperatorModes-java.lang.Double|simplejavacalculator.Calculator|simplejavacalculator.Calculator
DEBUG|14312572518000|1|METHOD-START|calculateBi|simplejavacalculator.Calculator$BiOperatorModes-java.lang.Double|simplejavacalculator.Calculator|simplejavacalculator.Calculator
DEBUG|14312572553800|1|METHOD-START|calculateBiImpl||simplejavacalculator.Calculator|simplejavacalculator.Calculator
DEBUG|14312572589200|1|METHOD-START|add|java.lang.Double-java.lang.Double|simplejavacalculator.Calculator|simplejavacalculator.Calculator
DEBUG|14312572631200|1|METHOD-FINISH|add|java.lang.Double-java.lang.Double|simplejavacalculator.Calculator|simplejavacalculator.Calculator
DEBUG|14312572665700|1|METHOD-FINISH|calculateBiImpl||simplejavacalculator.Calculator|simplejavacalculator.Calculator
DEBUG|14312572700100|1|METHOD-FINISH|calculateBi|simplejavacalculator.Calculator$BiOperatorModes-java.lang.Double|simplejavacalculator.Calculator|simplejavacalculator.Calculator
DEBUG|14312576305500|1|STATIC-INIT-START|||simplejavacalculator.Calculator$MonoOperatorModes|simplejavacalculator.Calculator.MonoOperatorModes
DEBUG|14312576691200|1|STATIC-INIT-FINISH |||simplejavacalculator.Calculator$MonoOperatorModes|simplejavacalculator.Calculator.MonoOperatorModes
DEBUG|14312577224500|1|METHOD-START|calculateMono|simplejavacalculator.Calculator$MonoOperatorModes-java.lang.Double|simplejavacalculator.Calculator|simplejavacalculator.Calculator
DEBUG|14312577312000|1|METHOD-START|square|java.lang.Double|simplejavacalculator.Calculator|simplejavacalculator.Calculator
DEBUG|14312577358000|1|METHOD-FINISH|square|java.lang.Double|simplejavacalculator.Calculator|simplejavacalculator.Calculator
DEBUG|14312577395100|1|METHOD-FINISH|calculateMono|simplejavacalculator.Calculator$MonoOperatorModes-java.lang.Double|simplejavacalculator.Calculator|simplejavacalculator.Calculator
DEBUG|14312577437300|1|METHOD-START|calculateMono|simplejavacalculator.Calculator$MonoOperatorModes-java.lang.Double|simplejavacalculator.Calculator|simplejavacalculator.Calculator
DEBUG|14312577616000|1|METHOD-START|square|java.lang.Double|simplejavacalculator.Calculator|simplejavacalculator.Calculator
DEBUG|14312577767500|1|METHOD-FINISH|square|java.lang.Double|simplejavacalculator.Calculator|simplejavacalculator.Calculator
DEBUG|14312577802100|1|METHOD-FINISH|calculateMono|simplejavacalculator.Calculator$MonoOperatorModes-java.lang.Double|simplejavacalculator.Calculator|simplejavacalculator.Calculator
DEBUG|14312579483300|1|METHOD-START|calculateMono|simplejavacalculator.Calculator$MonoOperatorModes-java.lang.Double|simplejavacalculator.Calculator|simplejavacalculator.Calculator
DEBUG|14312579573000|1|METHOD-START|abs|java.lang.Double|simplejavacalculator.Calculator|simplejavacalculator.Calculator
DEBUG|14312579622400|1|METHOD-START|square|java.lang.Double|simplejavacalculator.Calculator|simplejavacalculator.Calculator
DEBUG|14312579681500|1|METHOD-FINISH|square|java.lang.Double|simplejavacalculator.Calculator|simplejavacalculator.Calculator
DEBUG|14312579769200|1|METHOD-START|squareroot|java.lang.Double|simplejavacalculator.Calculator|simplejavacalculator.Calculator
DEBUG|14312579885500|1|METHOD-FINISH|squareroot|java.lang.Double|simplejavacalculator.Calculator|simplejavacalculator.Calculator
DEBUG|14312579922900|1|METHOD-FINISH|abs|java.lang.Double|simplejavacalculator.Calculator|simplejavacalculator.Calculator
DEBUG|14312579957800|1|METHOD-FINISH|calculateMono|simplejavacalculator.Calculator$MonoOperatorModes-java.lang.Double|simplejavacalculator.Calculator|simplejavacalculator.Calculator
DEBUG|14312580744900|1|METHOD-START|reset||simplejavacalculator.Calculator|simplejavacalculator.Calculator
DEBUG|14312580815400|1|METHOD-FINISH|reset||simplejavacalculator.Calculator|simplejavacalculator.Calculator
DEBUG|14312580947500|1|METHOD-START|calculateMono|simplejavacalculator.Calculator$MonoOperatorModes-java.lang.Double|simplejavacalculator.Calculator|simplejavacalculator.Calculator
DEBUG|14312581405300|1|METHOD-START|sin|java.lang.Double|simplejavacalculator.Calculator|simplejavacalculator.Calculator
DEBUG|14312582124600|1|METHOD-FINISH|sin|java.lang.Double|simplejavacalculator.Calculator|simplejavacalculator.Calculator
DEBUG|14312582175000|1|METHOD-FINISH|calculateMono|simplejavacalculator.Calculator$MonoOperatorModes-java.lang.Double|simplejavacalculator.Calculator|simplejavacalculator.Calculator
DEBUG|14312583017100|1|METHOD-START|calculateMono|simplejavacalculator.Calculator$MonoOperatorModes-java.lang.Double|simplejavacalculator.Calculator|simplejavacalculator.Calculator
DEBUG|14312583102100|1|METHOD-START|tan|java.lang.Double|simplejavacalculator.Calculator|simplejavacalculator.Calculator
DEBUG|14312583619400|1|METHOD-START|sin|java.lang.Double|simplejavacalculator.Calculator|simplejavacalculator.Calculator
DEBUG|14312583674800|1|METHOD-FINISH|sin|java.lang.Double|simplejavacalculator.Calculator|simplejavacalculator.Calculator
DEBUG|14312583744700|1|METHOD-START|cos|java.lang.Double|simplejavacalculator.Calculator|simplejavacalculator.Calculator
DEBUG|14312583805700|1|METHOD-FINISH|cos|java.lang.Double|simplejavacalculator.Calculator|simplejavacalculator.Calculator
DEBUG|14312583857700|1|METHOD-FINISH|tan|java.lang.Double|simplejavacalculator.Calculator|simplejavacalculator.Calculator
DEBUG|14312583892400|1|METHOD-FINISH|calculateMono|simplejavacalculator.Calculator$MonoOperatorModes-java.lang.Double|simplejavacalculator.Calculator|simplejavacalculator.Calculator
DEBUG|14312598326700|1|STATIC-INIT-START|||simplejavacalculator.UI|simplejavacalculator.UI
DEBUG|14312598425800|1|STATIC-INIT-FINISH |||simplejavacalculator.UI|simplejavacalculator.UI
DEBUG|14313060381700|1|STATIC-INIT-START|||simplejavacalculator.BufferedImageCustom|simplejavacalculator.BufferedImageCustom
DEBUG|14313060430500|1|STATIC-INIT-FINISH |||simplejavacalculator.BufferedImageCustom|simplejavacalculator.BufferedImageCustom
DEBUG|14313061948400|1|METHOD-START|imageReturn||simplejavacalculator.BufferedImageCustom|simplejavacalculator.BufferedImageCustom
DEBUG|14313435574700|1|METHOD-FINISH|imageReturn||simplejavacalculator.BufferedImageCustom|simplejavacalculator.BufferedImageCustom
DEBUG|14313559760000|1|METHOD-START|init||simplejavacalculator.UI|simplejavacalculator.UI
DEBUG|14313936772800|1|METHOD-FINISH|init||simplejavacalculator.UI|simplejavacalculator.UI
DEBUG|14313938123100|1|METHOD-START|actionPerformed|java.awt.event.ActionEvent|simplejavacalculator.UI|simplejavacalculator.UI
DEBUG|14313945704200|1|METHOD-FINISH|actionPerformed|java.awt.event.ActionEvent|simplejavacalculator.UI|simplejavacalculator.UI
DEBUG|14313945854600|1|METHOD-START|actionPerformed|java.awt.event.ActionEvent|simplejavacalculator.UI|simplejavacalculator.UI
DEBUG|14313945952600|1|METHOD-START|reader||simplejavacalculator.UI|simplejavacalculator.UI
DEBUG|14313946062000|1|METHOD-FINISH|reader||simplejavacalculator.UI|simplejavacalculator.UI
DEBUG|14313946105000|1|METHOD-START|calculateBi|simplejavacalculator.Calculator$BiOperatorModes-java.lang.Double|simplejavacalculator.Calculator|simplejavacalculator.Calculator
DEBUG|14313946135400|1|METHOD-FINISH|calculateBi|simplejavacalculator.Calculator$BiOperatorModes-java.lang.Double|simplejavacalculator.Calculator|simplejavacalculator.Calculator
DEBUG|14313946177900|1|METHOD-START|writer|java.lang.Double|simplejavacalculator.UI|simplejavacalculator.UI
DEBUG|14313946914200|1|METHOD-FINISH|writer|java.lang.Double|simplejavacalculator.UI|simplejavacalculator.UI
DEBUG|14313947005100|1|METHOD-FINISH|actionPerformed|java.awt.event.ActionEvent|simplejavacalculator.UI|simplejavacalculator.UI
DEBUG|14313947122200|1|METHOD-START|actionPerformed|java.awt.event.ActionEvent|simplejavacalculator.UI|simplejavacalculator.UI
DEBUG|14313947385300|1|METHOD-FINISH|actionPerformed|java.awt.event.ActionEvent|simplejavacalculator.UI|simplejavacalculator.UI
DEBUG|14313947509000|1|METHOD-START|actionPerformed|java.awt.event.ActionEvent|simplejavacalculator.UI|simplejavacalculator.UI
DEBUG|14313947526400|1|METHOD-START|reader||simplejavacalculator.UI|simplejavacalculator.UI
DEBUG|14313947562800|1|METHOD-FINISH|reader||simplejavacalculator.UI|simplejavacalculator.UI
DEBUG|14313947601600|1|METHOD-START|calculateEqual|java.lang.Double|simplejavacalculator.Calculator|simplejavacalculator.Calculator
DEBUG|14313947630800|1|METHOD-START|calculateBi|simplejavacalculator.Calculator$BiOperatorModes-java.lang.Double|simplejavacalculator.Calculator|simplejavacalculator.Calculator
DEBUG|14313947655400|1|METHOD-START|calculateBiImpl||simplejavacalculator.Calculator|simplejavacalculator.Calculator
DEBUG|14313947686100|1|METHOD-START|add|java.lang.Double-java.lang.Double|simplejavacalculator.Calculator|simplejavacalculator.Calculator
DEBUG|14313947718500|1|METHOD-FINISH|add|java.lang.Double-java.lang.Double|simplejavacalculator.Calculator|simplejavacalculator.Calculator
DEBUG|14313947739700|1|METHOD-FINISH|calculateBiImpl||simplejavacalculator.Calculator|simplejavacalculator.Calculator
DEBUG|14313947775400|1|METHOD-FINISH|calculateBi|simplejavacalculator.Calculator$BiOperatorModes-java.lang.Double|simplejavacalculator.Calculator|simplejavacalculator.Calculator
DEBUG|14313947807300|1|METHOD-FINISH|calculateEqual|java.lang.Double|simplejavacalculator.Calculator|simplejavacalculator.Calculator
DEBUG|14313947842800|1|METHOD-START|writer|java.lang.Double|simplejavacalculator.UI|simplejavacalculator.UI
DEBUG|14313955946300|1|METHOD-FINISH|writer|java.lang.Double|simplejavacalculator.UI|simplejavacalculator.UI
DEBUG|14313961360100|1|METHOD-FINISH|actionPerformed|java.awt.event.ActionEvent|simplejavacalculator.UI|simplejavacalculator.UI
DEBUG|14313961400000|1|METHOD-START|reader||simplejavacalculator.UI|simplejavacalculator.UI
DEBUG|14313961437200|1|METHOD-FINISH|reader||simplejavacalculator.UI|simplejavacalculator.UI
DEBUG|14313994925600|1|METHOD-START|imageReturn||simplejavacalculator.BufferedImageCustom|simplejavacalculator.BufferedImageCustom
DEBUG|14314008302500|1|METHOD-FINISH|imageReturn||simplejavacalculator.BufferedImageCustom|simplejavacalculator.BufferedImageCustom
DEBUG|14314015719700|1|METHOD-START|init||simplejavacalculator.UI|simplejavacalculator.UI
DEBUG|14314065675800|1|METHOD-FINISH|init||simplejavacalculator.UI|simplejavacalculator.UI
DEBUG|14314065857400|1|METHOD-START|actionPerformed|java.awt.event.ActionEvent|simplejavacalculator.UI|simplejavacalculator.UI
DEBUG|14314067349800|1|METHOD-FINISH|actionPerformed|java.awt.event.ActionEvent|simplejavacalculator.UI|simplejavacalculator.UI
DEBUG|14314067472700|1|METHOD-START|actionPerformed|java.awt.event.ActionEvent|simplejavacalculator.UI|simplejavacalculator.UI
DEBUG|14314067521200|1|METHOD-START|reader||simplejavacalculator.UI|simplejavacalculator.UI
DEBUG|14314067556400|1|METHOD-FINISH|reader||simplejavacalculator.UI|simplejavacalculator.UI
DEBUG|14314067587600|1|METHOD-START|calculateMono|simplejavacalculator.Calculator$MonoOperatorModes-java.lang.Double|simplejavacalculator.Calculator|simplejavacalculator.Calculator
DEBUG|14314067603400|1|METHOD-START|square|java.lang.Double|simplejavacalculator.Calculator|simplejavacalculator.Calculator
DEBUG|14314067626200|1|METHOD-FINISH|square|java.lang.Double|simplejavacalculator.Calculator|simplejavacalculator.Calculator
DEBUG|14314067692800|1|METHOD-FINISH|calculateMono|simplejavacalculator.Calculator$MonoOperatorModes-java.lang.Double|simplejavacalculator.Calculator|simplejavacalculator.Calculator
DEBUG|14314067725000|1|METHOD-START|writer|java.lang.Double|simplejavacalculator.UI|simplejavacalculator.UI
DEBUG|14314068073300|1|METHOD-FINISH|writer|java.lang.Double|simplejavacalculator.UI|simplejavacalculator.UI
DEBUG|14314068220200|1|METHOD-FINISH|actionPerformed|java.awt.event.ActionEvent|simplejavacalculator.UI|simplejavacalculator.UI
DEBUG|14314068243900|1|METHOD-START|reader||simplejavacalculator.UI|simplejavacalculator.UI
DEBUG|14314068278600|1|METHOD-FINISH|reader||simplejavacalculator.UI|simplejavacalculator.UI
DEBUG|14314068377100|1|METHOD-START|actionPerformed|java.awt.event.ActionEvent|simplejavacalculator.UI|simplejavacalculator.UI
DEBUG|14314068407900|1|METHOD-START|reader||simplejavacalculator.UI|simplejavacalculator.UI
DEBUG|14314068440100|1|METHOD-FINISH|reader||simplejavacalculator.UI|simplejavacalculator.UI
DEBUG|14314068465100|1|METHOD-START|calculateMono|simplejavacalculator.Calculator$MonoOperatorModes-java.lang.Double|simplejavacalculator.Calculator|simplejavacalculator.Calculator
DEBUG|14314068485000|1|METHOD-START|tan|java.lang.Double|simplejavacalculator.Calculator|simplejavacalculator.Calculator
DEBUG|14314068507300|1|METHOD-START|sin|java.lang.Double|simplejavacalculator.Calculator|simplejavacalculator.Calculator
DEBUG|14314068525200|1|METHOD-FINISH|sin|java.lang.Double|simplejavacalculator.Calculator|simplejavacalculator.Calculator
DEBUG|14314068538800|1|METHOD-START|cos|java.lang.Double|simplejavacalculator.Calculator|simplejavacalculator.Calculator
DEBUG|14314068554200|1|METHOD-FINISH|cos|java.lang.Double|simplejavacalculator.Calculator|simplejavacalculator.Calculator
DEBUG|14314068578000|1|METHOD-FINISH|tan|java.lang.Double|simplejavacalculator.Calculator|simplejavacalculator.Calculator
DEBUG|14314068690300|1|METHOD-FINISH|calculateMono|simplejavacalculator.Calculator$MonoOperatorModes-java.lang.Double|simplejavacalculator.Calculator|simplejavacalculator.Calculator
DEBUG|14314068722700|1|METHOD-START|writer|java.lang.Double|simplejavacalculator.UI|simplejavacalculator.UI
DEBUG|14314082376200|1|METHOD-FINISH|writer|java.lang.Double|simplejavacalculator.UI|simplejavacalculator.UI
DEBUG|14314082635300|1|METHOD-FINISH|actionPerformed|java.awt.event.ActionEvent|simplejavacalculator.UI|simplejavacalculator.UI
DEBUG|14314082664700|1|METHOD-START|reader||simplejavacalculator.UI|simplejavacalculator.UI
DEBUG|14314082864500|1|METHOD-FINISH|reader||simplejavacalculator.UI|simplejavacalculator.UI
DEBUG|14314100505700|1|METHOD-START|imageReturn||simplejavacalculator.BufferedImageCustom|simplejavacalculator.BufferedImageCustom
DEBUG|14314111668300|1|METHOD-FINISH|imageReturn||simplejavacalculator.BufferedImageCustom|simplejavacalculator.BufferedImageCustom
DEBUG|14314118232900|1|METHOD-START|init||simplejavacalculator.UI|simplejavacalculator.UI
DEBUG|14314157335300|1|METHOD-FINISH|init||simplejavacalculator.UI|simplejavacalculator.UI
DEBUG|14314157430000|1|METHOD-START|actionPerformed|java.awt.event.ActionEvent|simplejavacalculator.UI|simplejavacalculator.UI
DEBUG|14314157718500|1|METHOD-FINISH|actionPerformed|java.awt.event.ActionEvent|simplejavacalculator.UI|simplejavacalculator.UI
DEBUG|14314157798000|1|METHOD-START|actionPerformed|java.awt.event.ActionEvent|simplejavacalculator.UI|simplejavacalculator.UI
DEBUG|14314157832500|1|METHOD-START|reader||simplejavacalculator.UI|simplejavacalculator.UI
DEBUG|14314157867800|1|METHOD-FINISH|reader||simplejavacalculator.UI|simplejavacalculator.UI
DEBUG|14314157885400|1|METHOD-START|calculateBi|simplejavacalculator.Calculator$BiOperatorModes-java.lang.Double|simplejavacalculator.Calculator|simplejavacalculator.Calculator
DEBUG|14314157901200|1|METHOD-FINISH|calculateBi|simplejavacalculator.Calculator$BiOperatorModes-java.lang.Double|simplejavacalculator.Calculator|simplejavacalculator.Calculator
DEBUG|14314157919300|1|METHOD-START|writer|java.lang.Double|simplejavacalculator.UI|simplejavacalculator.UI
DEBUG|14314158088600|1|METHOD-FINISH|writer|java.lang.Double|simplejavacalculator.UI|simplejavacalculator.UI
DEBUG|14314158118600|1|METHOD-FINISH|actionPerformed|java.awt.event.ActionEvent|simplejavacalculator.UI|simplejavacalculator.UI
DEBUG|14314158177500|1|METHOD-START|actionPerformed|java.awt.event.ActionEvent|simplejavacalculator.UI|simplejavacalculator.UI
DEBUG|14314158321200|1|METHOD-FINISH|actionPerformed|java.awt.event.ActionEvent|simplejavacalculator.UI|simplejavacalculator.UI
DEBUG|14314158413500|1|METHOD-START|actionPerformed|java.awt.event.ActionEvent|simplejavacalculator.UI|simplejavacalculator.UI
DEBUG|14314158437100|1|METHOD-START|reader||simplejavacalculator.UI|simplejavacalculator.UI
DEBUG|14314158469500|1|METHOD-FINISH|reader||simplejavacalculator.UI|simplejavacalculator.UI
DEBUG|14314158498700|1|METHOD-START|calculateEqual|java.lang.Double|simplejavacalculator.Calculator|simplejavacalculator.Calculator
DEBUG|14314158515700|1|METHOD-START|calculateBi|simplejavacalculator.Calculator$BiOperatorModes-java.lang.Double|simplejavacalculator.Calculator|simplejavacalculator.Calculator
DEBUG|14314158529600|1|METHOD-START|calculateBiImpl||simplejavacalculator.Calculator|simplejavacalculator.Calculator
DEBUG|14314158547500|1|METHOD-START|mutiple|java.lang.Double-java.lang.Double|simplejavacalculator.Calculator|simplejavacalculator.Calculator
DEBUG|14314158565200|1|METHOD-START|oneDevideBy|java.lang.Double|simplejavacalculator.Calculator|simplejavacalculator.Calculator
DEBUG|14314158578500|1|METHOD-FINISH|oneDevideBy|java.lang.Double|simplejavacalculator.Calculator|simplejavacalculator.Calculator
DEBUG|14314158591800|1|METHOD-START|divide|java.lang.Double-java.lang.Double|simplejavacalculator.Calculator|simplejavacalculator.Calculator
DEBUG|14314158608300|1|METHOD-FINISH|divide|java.lang.Double-java.lang.Double|simplejavacalculator.Calculator|simplejavacalculator.Calculator
DEBUG|14314158626100|1|METHOD-FINISH|mutiple|java.lang.Double-java.lang.Double|simplejavacalculator.Calculator|simplejavacalculator.Calculator
DEBUG|14314158637400|1|METHOD-FINISH|calculateBiImpl||simplejavacalculator.Calculator|simplejavacalculator.Calculator
DEBUG|14314158650800|1|METHOD-FINISH|calculateBi|simplejavacalculator.Calculator$BiOperatorModes-java.lang.Double|simplejavacalculator.Calculator|simplejavacalculator.Calculator
DEBUG|14314158666000|1|METHOD-FINISH|calculateEqual|java.lang.Double|simplejavacalculator.Calculator|simplejavacalculator.Calculator
DEBUG|14314158679400|1|METHOD-START|writer|java.lang.Double|simplejavacalculator.UI|simplejavacalculator.UI
DEBUG|14314158933000|1|METHOD-FINISH|writer|java.lang.Double|simplejavacalculator.UI|simplejavacalculator.UI
DEBUG|14314159060900|1|METHOD-FINISH|actionPerformed|java.awt.event.ActionEvent|simplejavacalculator.UI|simplejavacalculator.UI
DEBUG|14314159079700|1|METHOD-START|reader||simplejavacalculator.UI|simplejavacalculator.UI
DEBUG|14314159108400|1|METHOD-FINISH|reader||simplejavacalculator.UI|simplejavacalculator.UI
DEBUG|14314159786700|1|METHOD-START|imageReturn||simplejavacalculator.BufferedImageCustom|simplejavacalculator.BufferedImageCustom
DEBUG|14314167835600|1|METHOD-FINISH|imageReturn||simplejavacalculator.BufferedImageCustom|simplejavacalculator.BufferedImageCustom
DEBUG|14314172064600|1|METHOD-START|calculateMono|simplejavacalculator.Calculator$MonoOperatorModes-java.lang.Double|simplejavacalculator.Calculator|simplejavacalculator.Calculator
DEBUG|14314172095300|1|METHOD-START|square|java.lang.Double|simplejavacalculator.Calculator|simplejavacalculator.Calculator
DEBUG|14314172116800|1|METHOD-FINISH|square|java.lang.Double|simplejavacalculator.Calculator|simplejavacalculator.Calculator
DEBUG|14314172134300|1|METHOD-FINISH|calculateMono|simplejavacalculator.Calculator$MonoOperatorModes-java.lang.Double|simplejavacalculator.Calculator|simplejavacalculator.Calculator
DEBUG|14314172146800|1|METHOD-START|calculateMono|simplejavacalculator.Calculator$MonoOperatorModes-java.lang.Double|simplejavacalculator.Calculator|simplejavacalculator.Calculator
DEBUG|14314172249200|1|METHOD-START|square|java.lang.Double|simplejavacalculator.Calculator|simplejavacalculator.Calculator
DEBUG|14314172300100|1|METHOD-FINISH|square|java.lang.Double|simplejavacalculator.Calculator|simplejavacalculator.Calculator
DEBUG|14314172322300|1|METHOD-FINISH|calculateMono|simplejavacalculator.Calculator$MonoOperatorModes-java.lang.Double|simplejavacalculator.Calculator|simplejavacalculator.Calculator
DEBUG|14314172943300|1|METHOD-START|calculateMono|simplejavacalculator.Calculator$MonoOperatorModes-java.lang.Double|simplejavacalculator.Calculator|simplejavacalculator.Calculator
DEBUG|14314172974600|1|METHOD-START|abs|java.lang.Double|simplejavacalculator.Calculator|simplejavacalculator.Calculator
DEBUG|14314172991000|1|METHOD-START|square|java.lang.Double|simplejavacalculator.Calculator|simplejavacalculator.Calculator
DEBUG|14314173004300|1|METHOD-FINISH|square|java.lang.Double|simplejavacalculator.Calculator|simplejavacalculator.Calculator
DEBUG|14314173015700|1|METHOD-START|squareroot|java.lang.Double|simplejavacalculator.Calculator|simplejavacalculator.Calculator
DEBUG|14314173040600|1|METHOD-FINISH|squareroot|java.lang.Double|simplejavacalculator.Calculator|simplejavacalculator.Calculator
DEBUG|14314173081300|1|METHOD-FINISH|abs|java.lang.Double|simplejavacalculator.Calculator|simplejavacalculator.Calculator
DEBUG|14314173098500|1|METHOD-FINISH|calculateMono|simplejavacalculator.Calculator$MonoOperatorModes-java.lang.Double|simplejavacalculator.Calculator|simplejavacalculator.Calculator
DEBUG|14314173516200|1|METHOD-START|reset||simplejavacalculator.Calculator|simplejavacalculator.Calculator
DEBUG|14314173536300|1|METHOD-FINISH|reset||simplejavacalculator.Calculator|simplejavacalculator.Calculator
DEBUG|14314173572300|1|METHOD-START|calculateMono|simplejavacalculator.Calculator$MonoOperatorModes-java.lang.Double|simplejavacalculator.Calculator|simplejavacalculator.Calculator
DEBUG|14314173585800|1|METHOD-START|sin|java.lang.Double|simplejavacalculator.Calculator|simplejavacalculator.Calculator
DEBUG|14314173604800|1|METHOD-FINISH|sin|java.lang.Double|simplejavacalculator.Calculator|simplejavacalculator.Calculator
DEBUG|14314173617700|1|METHOD-FINISH|calculateMono|simplejavacalculator.Calculator$MonoOperatorModes-java.lang.Double|simplejavacalculator.Calculator|simplejavacalculator.Calculator
DEBUG|14314174029800|1|METHOD-START|calculateMono|simplejavacalculator.Calculator$MonoOperatorModes-java.lang.Double|simplejavacalculator.Calculator|simplejavacalculator.Calculator
DEBUG|14314174054100|1|METHOD-START|tan|java.lang.Double|simplejavacalculator.Calculator|simplejavacalculator.Calculator
DEBUG|14314174069400|1|METHOD-START|sin|java.lang.Double|simplejavacalculator.Calculator|simplejavacalculator.Calculator
DEBUG|14314174091700|1|METHOD-FINISH|sin|java.lang.Double|simplejavacalculator.Calculator|simplejavacalculator.Calculator
DEBUG|14314174103900|1|METHOD-START|cos|java.lang.Double|simplejavacalculator.Calculator|simplejavacalculator.Calculator
DEBUG|14314174115300|1|METHOD-FINISH|cos|java.lang.Double|simplejavacalculator.Calculator|simplejavacalculator.Calculator
DEBUG|14314174128900|1|METHOD-FINISH|tan|java.lang.Double|simplejavacalculator.Calculator|simplejavacalculator.Calculator
DEBUG|14314174148400|1|METHOD-FINISH|calculateMono|simplejavacalculator.Calculator$MonoOperatorModes-java.lang.Double|simplejavacalculator.Calculator|simplejavacalculator.Calculator
DEBUG|14314180169000|1|METHOD-START|calculateBi|simplejavacalculator.Calculator$BiOperatorModes-java.lang.Double|simplejavacalculator.Calculator|simplejavacalculator.Calculator
DEBUG|14314180230600|1|METHOD-FINISH|calculateBi|simplejavacalculator.Calculator$BiOperatorModes-java.lang.Double|simplejavacalculator.Calculator|simplejavacalculator.Calculator
DEBUG|14314180253400|1|METHOD-START|calculateBi|simplejavacalculator.Calculator$BiOperatorModes-java.lang.Double|simplejavacalculator.Calculator|simplejavacalculator.Calculator
DEBUG|14314180265400|1|METHOD-START|calculateBiImpl||simplejavacalculator.Calculator|simplejavacalculator.Calculator
DEBUG|14314180284900|1|METHOD-START|minus|java.lang.Double-java.lang.Double|simplejavacalculator.Calculator|simplejavacalculator.Calculator
DEBUG|14314180302600|1|METHOD-FINISH|minus|java.lang.Double-java.lang.Double|simplejavacalculator.Calculator|simplejavacalculator.Calculator
DEBUG|14314180312000|1|METHOD-FINISH|calculateBiImpl||simplejavacalculator.Calculator|simplejavacalculator.Calculator
DEBUG|14314180323000|1|METHOD-FINISH|calculateBi|simplejavacalculator.Calculator$BiOperatorModes-java.lang.Double|simplejavacalculator.Calculator|simplejavacalculator.Calculator
DEBUG|14314180840800|1|METHOD-START|reset||simplejavacalculator.Calculator|simplejavacalculator.Calculator
DEBUG|14314180863800|1|METHOD-FINISH|reset||simplejavacalculator.Calculator|simplejavacalculator.Calculator
DEBUG|14314180879400|1|METHOD-START|calculateBi|simplejavacalculator.Calculator$BiOperatorModes-java.lang.Double|simplejavacalculator.Calculator|simplejavacalculator.Calculator
DEBUG|14314180898400|1|METHOD-FINISH|calculateBi|simplejavacalculator.Calculator$BiOperatorModes-java.lang.Double|simplejavacalculator.Calculator|simplejavacalculator.Calculator
DEBUG|14314180925200|1|METHOD-START|calculateBi|simplejavacalculator.Calculator$BiOperatorModes-java.lang.Double|simplejavacalculator.Calculator|simplejavacalculator.Calculator
DEBUG|14314180938500|1|METHOD-START|calculateBiImpl||simplejavacalculator.Calculator|simplejavacalculator.Calculator
DEBUG|14314180957700|1|METHOD-START|mutiple|java.lang.Double-java.lang.Double|simplejavacalculator.Calculator|simplejavacalculator.Calculator
DEBUG|14314180977000|1|METHOD-START|oneDevideBy|java.lang.Double|simplejavacalculator.Calculator|simplejavacalculator.Calculator
DEBUG|14314181013900|1|METHOD-FINISH|oneDevideBy|java.lang.Double|simplejavacalculator.Calculator|simplejavacalculator.Calculator
DEBUG|14314181077500|1|METHOD-START|divide|java.lang.Double-java.lang.Double|simplejavacalculator.Calculator|simplejavacalculator.Calculator
DEBUG|14314181163900|1|METHOD-FINISH|divide|java.lang.Double-java.lang.Double|simplejavacalculator.Calculator|simplejavacalculator.Calculator
DEBUG|14314181179900|1|METHOD-FINISH|mutiple|java.lang.Double-java.lang.Double|simplejavacalculator.Calculator|simplejavacalculator.Calculator
DEBUG|14314181195800|1|METHOD-FINISH|calculateBiImpl||simplejavacalculator.Calculator|simplejavacalculator.Calculator
DEBUG|14314181211600|1|METHOD-FINISH|calculateBi|simplejavacalculator.Calculator$BiOperatorModes-java.lang.Double|simplejavacalculator.Calculator|simplejavacalculator.Calculator
DEBUG|14314181231600|1|METHOD-START|calculateBi|simplejavacalculator.Calculator$BiOperatorModes-java.lang.Double|simplejavacalculator.Calculator|simplejavacalculator.Calculator
DEBUG|14314181241400|1|METHOD-START|calculateBiImpl||simplejavacalculator.Calculator|simplejavacalculator.Calculator
DEBUG|14314181265300|1|METHOD-START|mutiple|java.lang.Double-java.lang.Double|simplejavacalculator.Calculator|simplejavacalculator.Calculator
DEBUG|14314181275000|1|METHOD-START|oneDevideBy|java.lang.Double|simplejavacalculator.Calculator|simplejavacalculator.Calculator
DEBUG|14314181286000|1|METHOD-FINISH|oneDevideBy|java.lang.Double|simplejavacalculator.Calculator|simplejavacalculator.Calculator
DEBUG|14314181301100|1|METHOD-START|divide|java.lang.Double-java.lang.Double|simplejavacalculator.Calculator|simplejavacalculator.Calculator
DEBUG|14314181322800|1|METHOD-FINISH|divide|java.lang.Double-java.lang.Double|simplejavacalculator.Calculator|simplejavacalculator.Calculator
DEBUG|14314181339200|1|METHOD-FINISH|mutiple|java.lang.Double-java.lang.Double|simplejavacalculator.Calculator|simplejavacalculator.Calculator
DEBUG|14314181348700|1|METHOD-FINISH|calculateBiImpl||simplejavacalculator.Calculator|simplejavacalculator.Calculator
DEBUG|14314181376000|1|METHOD-FINISH|calculateBi|simplejavacalculator.Calculator$BiOperatorModes-java.lang.Double|simplejavacalculator.Calculator|simplejavacalculator.Calculator
DEBUG|14314181963800|1|METHOD-START|calculateBi|simplejavacalculator.Calculator$BiOperatorModes-java.lang.Double|simplejavacalculator.Calculator|simplejavacalculator.Calculator
DEBUG|14314181993100|1|METHOD-FINISH|calculateBi|simplejavacalculator.Calculator$BiOperatorModes-java.lang.Double|simplejavacalculator.Calculator|simplejavacalculator.Calculator
DEBUG|14314182008800|1|METHOD-START|calculateBi|simplejavacalculator.Calculator$BiOperatorModes-java.lang.Double|simplejavacalculator.Calculator|simplejavacalculator.Calculator
DEBUG|14314182025700|1|METHOD-START|calculateBiImpl||simplejavacalculator.Calculator|simplejavacalculator.Calculator
DEBUG|14314182047900|1|METHOD-START|divide|java.lang.Double-java.lang.Double|simplejavacalculator.Calculator|simplejavacalculator.Calculator
DEBUG|14314182061800|1|METHOD-FINISH|divide|java.lang.Double-java.lang.Double|simplejavacalculator.Calculator|simplejavacalculator.Calculator
DEBUG|14314182080300|1|METHOD-FINISH|calculateBiImpl||simplejavacalculator.Calculator|simplejavacalculator.Calculator
DEBUG|14314182096300|1|METHOD-FINISH|calculateBi|simplejavacalculator.Calculator$BiOperatorModes-java.lang.Double|simplejavacalculator.Calculator|simplejavacalculator.Calculator
DEBUG|14314182108600|1|METHOD-START|calculateBi|simplejavacalculator.Calculator$BiOperatorModes-java.lang.Double|simplejavacalculator.Calculator|simplejavacalculator.Calculator
DEBUG|14314182118000|1|METHOD-START|calculateBiImpl||simplejavacalculator.Calculator|simplejavacalculator.Calculator
DEBUG|14314182131400|1|METHOD-START|divide|java.lang.Double-java.lang.Double|simplejavacalculator.Calculator|simplejavacalculator.Calculator
DEBUG|14314182143300|1|METHOD-FINISH|divide|java.lang.Double-java.lang.Double|simplejavacalculator.Calculator|simplejavacalculator.Calculator
DEBUG|14314182156100|1|METHOD-FINISH|calculateBiImpl||simplejavacalculator.Calculator|simplejavacalculator.Calculator
DEBUG|14314182170000|1|METHOD-FINISH|calculateBi|simplejavacalculator.Calculator$BiOperatorModes-java.lang.Double|simplejavacalculator.Calculator|simplejavacalculator.Calculator
DEBUG|14314182582400|1|METHOD-START|calculateBi|simplejavacalculator.Calculator$BiOperatorModes-java.lang.Double|simplejavacalculator.Calculator|simplejavacalculator.Calculator
DEBUG|14314182601300|1|METHOD-FINISH|calculateBi|simplejavacalculator.Calculator$BiOperatorModes-java.lang.Double|simplejavacalculator.Calculator|simplejavacalculator.Calculator
DEBUG|14314182614700|1|METHOD-START|calculateBi|simplejavacalculator.Calculator$BiOperatorModes-java.lang.Double|simplejavacalculator.Calculator|simplejavacalculator.Calculator
DEBUG|14314182642600|1|METHOD-START|calculateBiImpl||simplejavacalculator.Calculator|simplejavacalculator.Calculator
DEBUG|14314182656900|1|METHOD-START|add|java.lang.Double-java.lang.Double|simplejavacalculator.Calculator|simplejavacalculator.Calculator
DEBUG|14314182668500|1|METHOD-FINISH|add|java.lang.Double-java.lang.Double|simplejavacalculator.Calculator|simplejavacalculator.Calculator
DEBUG|14314182680900|1|METHOD-FINISH|calculateBiImpl||simplejavacalculator.Calculator|simplejavacalculator.Calculator
DEBUG|14314182691500|1|METHOD-FINISH|calculateBi|simplejavacalculator.Calculator$BiOperatorModes-java.lang.Double|simplejavacalculator.Calculator|simplejavacalculator.Calculator
DEBUG|14314182703900|1|METHOD-START|calculateBi|simplejavacalculator.Calculator$BiOperatorModes-java.lang.Double|simplejavacalculator.Calculator|simplejavacalculator.Calculator
DEBUG|14314182744100|1|METHOD-START|calculateBiImpl||simplejavacalculator.Calculator|simplejavacalculator.Calculator
DEBUG|14314182862700|1|METHOD-START|add|java.lang.Double-java.lang.Double|simplejavacalculator.Calculator|simplejavacalculator.Calculator
DEBUG|14314182880200|1|METHOD-FINISH|add|java.lang.Double-java.lang.Double|simplejavacalculator.Calculator|simplejavacalculator.Calculator
DEBUG|14314182893100|1|METHOD-FINISH|calculateBiImpl||simplejavacalculator.Calculator|simplejavacalculator.Calculator
DEBUG|14314182911200|1|METHOD-FINISH|calculateBi|simplejavacalculator.Calculator$BiOperatorModes-java.lang.Double|simplejavacalculator.Calculator|simplejavacalculator.Calculator
DEBUG|14314193515700|1|METHOD-START|imageReturn||simplejavacalculator.BufferedImageCustom|simplejavacalculator.BufferedImageCustom
DEBUG|14314202750000|1|METHOD-FINISH|imageReturn||simplejavacalculator.BufferedImageCustom|simplejavacalculator.BufferedImageCustom
DEBUG|14314209426700|1|METHOD-START|init||simplejavacalculator.UI|simplejavacalculator.UI
DEBUG|14314254482200|1|METHOD-FINISH|init||simplejavacalculator.UI|simplejavacalculator.UI
DEBUG|14314254588200|1|METHOD-START|actionPerformed|java.awt.event.ActionEvent|simplejavacalculator.UI|simplejavacalculator.UI
DEBUG|14314254845800|1|METHOD-FINISH|actionPerformed|java.awt.event.ActionEvent|simplejavacalculator.UI|simplejavacalculator.UI
DEBUG|14314254915100|1|METHOD-START|actionPerformed|java.awt.event.ActionEvent|simplejavacalculator.UI|simplejavacalculator.UI
DEBUG|14314254933400|1|METHOD-START|reader||simplejavacalculator.UI|simplejavacalculator.UI
DEBUG|14314254978900|1|METHOD-FINISH|reader||simplejavacalculator.UI|simplejavacalculator.UI
DEBUG|14314254998600|1|METHOD-START|calculateBi|simplejavacalculator.Calculator$BiOperatorModes-java.lang.Double|simplejavacalculator.Calculator|simplejavacalculator.Calculator
DEBUG|14314255026800|1|METHOD-FINISH|calculateBi|simplejavacalculator.Calculator$BiOperatorModes-java.lang.Double|simplejavacalculator.Calculator|simplejavacalculator.Calculator
DEBUG|14314255041800|1|METHOD-START|writer|java.lang.Double|simplejavacalculator.UI|simplejavacalculator.UI
DEBUG|14314255220100|1|METHOD-FINISH|writer|java.lang.Double|simplejavacalculator.UI|simplejavacalculator.UI
DEBUG|14314255253500|1|METHOD-FINISH|actionPerformed|java.awt.event.ActionEvent|simplejavacalculator.UI|simplejavacalculator.UI
DEBUG|14314255313600|1|METHOD-START|actionPerformed|java.awt.event.ActionEvent|simplejavacalculator.UI|simplejavacalculator.UI
DEBUG|14314255452400|1|METHOD-FINISH|actionPerformed|java.awt.event.ActionEvent|simplejavacalculator.UI|simplejavacalculator.UI
DEBUG|14314255516100|1|METHOD-START|actionPerformed|java.awt.event.ActionEvent|simplejavacalculator.UI|simplejavacalculator.UI
DEBUG|14314255541100|1|METHOD-START|reader||simplejavacalculator.UI|simplejavacalculator.UI
DEBUG|14314255577800|1|METHOD-FINISH|reader||simplejavacalculator.UI|simplejavacalculator.UI
DEBUG|14314255594500|1|METHOD-START|calculateEqual|java.lang.Double|simplejavacalculator.Calculator|simplejavacalculator.Calculator
DEBUG|14314255620300|1|METHOD-START|calculateBi|simplejavacalculator.Calculator$BiOperatorModes-java.lang.Double|simplejavacalculator.Calculator|simplejavacalculator.Calculator
DEBUG|14314255734900|1|METHOD-START|calculateBiImpl||simplejavacalculator.Calculator|simplejavacalculator.Calculator
DEBUG|14314255762800|1|METHOD-START|add|java.lang.Double-java.lang.Double|simplejavacalculator.Calculator|simplejavacalculator.Calculator
DEBUG|14314255781500|1|METHOD-FINISH|add|java.lang.Double-java.lang.Double|simplejavacalculator.Calculator|simplejavacalculator.Calculator
DEBUG|14314255791100|1|METHOD-FINISH|calculateBiImpl||simplejavacalculator.Calculator|simplejavacalculator.Calculator
DEBUG|14314255806500|1|METHOD-FINISH|calculateBi|simplejavacalculator.Calculator$BiOperatorModes-java.lang.Double|simplejavacalculator.Calculator|simplejavacalculator.Calculator
DEBUG|14314255817300|1|METHOD-FINISH|calculateEqual|java.lang.Double|simplejavacalculator.Calculator|simplejavacalculator.Calculator
DEBUG|14314255827500|1|METHOD-START|writer|java.lang.Double|simplejavacalculator.UI|simplejavacalculator.UI
DEBUG|14314256311700|1|METHOD-FINISH|writer|java.lang.Double|simplejavacalculator.UI|simplejavacalculator.UI
DEBUG|14314256510200|1|METHOD-FINISH|actionPerformed|java.awt.event.ActionEvent|simplejavacalculator.UI|simplejavacalculator.UI
DEBUG|14314256538500|1|METHOD-START|reader||simplejavacalculator.UI|simplejavacalculator.UI
DEBUG|14314256572300|1|METHOD-FINISH|reader||simplejavacalculator.UI|simplejavacalculator.UI
DEBUG|14314285679900|1|METHOD-START|imageReturn||simplejavacalculator.BufferedImageCustom|simplejavacalculator.BufferedImageCustom
DEBUG|14314298307900|1|METHOD-FINISH|imageReturn||simplejavacalculator.BufferedImageCustom|simplejavacalculator.BufferedImageCustom
DEBUG|14314304825400|1|METHOD-START|init||simplejavacalculator.UI|simplejavacalculator.UI
DEBUG|14314346549500|1|METHOD-FINISH|init||simplejavacalculator.UI|simplejavacalculator.UI
DEBUG|14314346685500|1|METHOD-START|actionPerformed|java.awt.event.ActionEvent|simplejavacalculator.UI|simplejavacalculator.UI
DEBUG|14314347058600|1|METHOD-FINISH|actionPerformed|java.awt.event.ActionEvent|simplejavacalculator.UI|simplejavacalculator.UI
DEBUG|14314347149600|1|METHOD-START|actionPerformed|java.awt.event.ActionEvent|simplejavacalculator.UI|simplejavacalculator.UI
DEBUG|14314347178700|1|METHOD-START|reader||simplejavacalculator.UI|simplejavacalculator.UI
DEBUG|14314347229900|1|METHOD-FINISH|reader||simplejavacalculator.UI|simplejavacalculator.UI
DEBUG|14314347260800|1|METHOD-START|calculateMono|simplejavacalculator.Calculator$MonoOperatorModes-java.lang.Double|simplejavacalculator.Calculator|simplejavacalculator.Calculator
DEBUG|14314347309700|1|METHOD-START|square|java.lang.Double|simplejavacalculator.Calculator|simplejavacalculator.Calculator
DEBUG|14314347340900|1|METHOD-FINISH|square|java.lang.Double|simplejavacalculator.Calculator|simplejavacalculator.Calculator
DEBUG|14314347368200|1|METHOD-FINISH|calculateMono|simplejavacalculator.Calculator$MonoOperatorModes-java.lang.Double|simplejavacalculator.Calculator|simplejavacalculator.Calculator
DEBUG|14314347386100|1|METHOD-START|writer|java.lang.Double|simplejavacalculator.UI|simplejavacalculator.UI
DEBUG|14314347800500|1|METHOD-FINISH|writer|java.lang.Double|simplejavacalculator.UI|simplejavacalculator.UI
DEBUG|14314347980800|1|METHOD-FINISH|actionPerformed|java.awt.event.ActionEvent|simplejavacalculator.UI|simplejavacalculator.UI
DEBUG|14314348002700|1|METHOD-START|reader||simplejavacalculator.UI|simplejavacalculator.UI
DEBUG|14314348048000|1|METHOD-FINISH|reader||simplejavacalculator.UI|simplejavacalculator.UI
DEBUG|14314348141400|1|METHOD-START|actionPerformed|java.awt.event.ActionEvent|simplejavacalculator.UI|simplejavacalculator.UI
DEBUG|14314348168600|1|METHOD-START|reader||simplejavacalculator.UI|simplejavacalculator.UI
DEBUG|14314348252800|1|METHOD-FINISH|reader||simplejavacalculator.UI|simplejavacalculator.UI
DEBUG|14314348283100|1|METHOD-START|calculateMono|simplejavacalculator.Calculator$MonoOperatorModes-java.lang.Double|simplejavacalculator.Calculator|simplejavacalculator.Calculator
DEBUG|14314348306700|1|METHOD-START|tan|java.lang.Double|simplejavacalculator.Calculator|simplejavacalculator.Calculator
DEBUG|14314348442000|1|METHOD-START|sin|java.lang.Double|simplejavacalculator.Calculator|simplejavacalculator.Calculator
DEBUG|14314348458900|1|METHOD-FINISH|sin|java.lang.Double|simplejavacalculator.Calculator|simplejavacalculator.Calculator
DEBUG|14314348469400|1|METHOD-START|cos|java.lang.Double|simplejavacalculator.Calculator|simplejavacalculator.Calculator
DEBUG|14314348479100|1|METHOD-FINISH|cos|java.lang.Double|simplejavacalculator.Calculator|simplejavacalculator.Calculator
DEBUG|14314348498700|1|METHOD-FINISH|tan|java.lang.Double|simplejavacalculator.Calculator|simplejavacalculator.Calculator
DEBUG|14314348509900|1|METHOD-FINISH|calculateMono|simplejavacalculator.Calculator$MonoOperatorModes-java.lang.Double|simplejavacalculator.Calculator|simplejavacalculator.Calculator
DEBUG|14314348519200|1|METHOD-START|writer|java.lang.Double|simplejavacalculator.UI|simplejavacalculator.UI
DEBUG|14314350630300|1|METHOD-FINISH|writer|java.lang.Double|simplejavacalculator.UI|simplejavacalculator.UI
DEBUG|14314350813400|1|METHOD-FINISH|actionPerformed|java.awt.event.ActionEvent|simplejavacalculator.UI|simplejavacalculator.UI
DEBUG|14314350831400|1|METHOD-START|reader||simplejavacalculator.UI|simplejavacalculator.UI
DEBUG|14314350941600|1|METHOD-FINISH|reader||simplejavacalculator.UI|simplejavacalculator.UI
DEBUG|14314378163900|1|METHOD-START|imageReturn||simplejavacalculator.BufferedImageCustom|simplejavacalculator.BufferedImageCustom
DEBUG|14314388697600|1|METHOD-FINISH|imageReturn||simplejavacalculator.BufferedImageCustom|simplejavacalculator.BufferedImageCustom
DEBUG|14314395515100|1|METHOD-START|init||simplejavacalculator.UI|simplejavacalculator.UI
DEBUG|14314436066400|1|METHOD-FINISH|init||simplejavacalculator.UI|simplejavacalculator.UI
DEBUG|14314436217000|1|METHOD-START|actionPerformed|java.awt.event.ActionEvent|simplejavacalculator.UI|simplejavacalculator.UI
DEBUG|14314436580400|1|METHOD-FINISH|actionPerformed|java.awt.event.ActionEvent|simplejavacalculator.UI|simplejavacalculator.UI
DEBUG|14314436653300|1|METHOD-START|actionPerformed|java.awt.event.ActionEvent|simplejavacalculator.UI|simplejavacalculator.UI
DEBUG|14314436674200|1|METHOD-START|reader||simplejavacalculator.UI|simplejavacalculator.UI
DEBUG|14314436704700|1|METHOD-FINISH|reader||simplejavacalculator.UI|simplejavacalculator.UI
DEBUG|14314436718200|1|METHOD-START|calculateBi|simplejavacalculator.Calculator$BiOperatorModes-java.lang.Double|simplejavacalculator.Calculator|simplejavacalculator.Calculator
DEBUG|14314436740400|1|METHOD-FINISH|calculateBi|simplejavacalculator.Calculator$BiOperatorModes-java.lang.Double|simplejavacalculator.Calculator|simplejavacalculator.Calculator
DEBUG|14314436749900|1|METHOD-START|writer|java.lang.Double|simplejavacalculator.UI|simplejavacalculator.UI
DEBUG|14314436905000|1|METHOD-FINISH|writer|java.lang.Double|simplejavacalculator.UI|simplejavacalculator.UI
DEBUG|14314436935500|1|METHOD-FINISH|actionPerformed|java.awt.event.ActionEvent|simplejavacalculator.UI|simplejavacalculator.UI
DEBUG|14314436995100|1|METHOD-START|actionPerformed|java.awt.event.ActionEvent|simplejavacalculator.UI|simplejavacalculator.UI
DEBUG|14314437168800|1|METHOD-FINISH|actionPerformed|java.awt.event.ActionEvent|simplejavacalculator.UI|simplejavacalculator.UI
DEBUG|14314437229400|1|METHOD-START|actionPerformed|java.awt.event.ActionEvent|simplejavacalculator.UI|simplejavacalculator.UI
DEBUG|14314450160000|1|METHOD-START|reader||simplejavacalculator.UI|simplejavacalculator.UI
DEBUG|14314450234000|1|METHOD-FINISH|reader||simplejavacalculator.UI|simplejavacalculator.UI
DEBUG|14314450254600|1|METHOD-START|calculateEqual|java.lang.Double|simplejavacalculator.Calculator|simplejavacalculator.Calculator
DEBUG|14314450266900|1|METHOD-START|calculateBi|simplejavacalculator.Calculator$BiOperatorModes-java.lang.Double|simplejavacalculator.Calculator|simplejavacalculator.Calculator
DEBUG|14314450282600|1|METHOD-START|calculateBiImpl||simplejavacalculator.Calculator|simplejavacalculator.Calculator
DEBUG|14314450305300|1|METHOD-START|mutiple|java.lang.Double-java.lang.Double|simplejavacalculator.Calculator|simplejavacalculator.Calculator
DEBUG|14314450322800|1|METHOD-START|oneDevideBy|java.lang.Double|simplejavacalculator.Calculator|simplejavacalculator.Calculator
DEBUG|14314450340900|1|METHOD-FINISH|oneDevideBy|java.lang.Double|simplejavacalculator.Calculator|simplejavacalculator.Calculator
DEBUG|14314450356300|1|METHOD-START|divide|java.lang.Double-java.lang.Double|simplejavacalculator.Calculator|simplejavacalculator.Calculator
DEBUG|14314450367000|1|METHOD-FINISH|divide|java.lang.Double-java.lang.Double|simplejavacalculator.Calculator|simplejavacalculator.Calculator
DEBUG|14314450376600|1|METHOD-FINISH|mutiple|java.lang.Double-java.lang.Double|simplejavacalculator.Calculator|simplejavacalculator.Calculator
DEBUG|14314450384700|1|METHOD-FINISH|calculateBiImpl||simplejavacalculator.Calculator|simplejavacalculator.Calculator
DEBUG|14314450397600|1|METHOD-FINISH|calculateBi|simplejavacalculator.Calculator$BiOperatorModes-java.lang.Double|simplejavacalculator.Calculator|simplejavacalculator.Calculator
DEBUG|14314450406300|1|METHOD-FINISH|calculateEqual|java.lang.Double|simplejavacalculator.Calculator|simplejavacalculator.Calculator
DEBUG|14314450415000|1|METHOD-START|writer|java.lang.Double|simplejavacalculator.UI|simplejavacalculator.UI
DEBUG|14314450662800|1|METHOD-FINISH|writer|java.lang.Double|simplejavacalculator.UI|simplejavacalculator.UI
DEBUG|14314450783000|1|METHOD-FINISH|actionPerformed|java.awt.event.ActionEvent|simplejavacalculator.UI|simplejavacalculator.UI
DEBUG|14314450798000|1|METHOD-START|reader||simplejavacalculator.UI|simplejavacalculator.UI
DEBUG|14314450822900|1|METHOD-FINISH|reader||simplejavacalculator.UI|simplejavacalculator.UI
DEBUG|14314451312800|1|METHOD-START|imageReturn||simplejavacalculator.BufferedImageCustom|simplejavacalculator.BufferedImageCustom
DEBUG|14314472853000|1|METHOD-FINISH|imageReturn||simplejavacalculator.BufferedImageCustom|simplejavacalculator.BufferedImageCustom
